<?xml version="1.0" encoding="UTF-8"?>
<!-- Generated by org.testng.reporters.JUnitXMLReporter -->
<testsuite ignored="0" hostname="DESKTOP-N3VQQST" failures="0" tests="8" name="Default test" time="59.079" errors="0" timestamp="2022-02-22T04:08:52 EET">
  <testcase classname="tests.TestScenario" name="userOpenRegisterationPage" time="4.72"/>
  <testcase classname="tests.TestScenario" name="UserCanRegister" time="6.886"/>
  <testcase classname="tests.TestScenario" name="userSignOut" time="3.557"/>
  <testcase classname="tests.TestScenario" name="userLogInWithValidCredentials" time="1.739"/>
  <testcase classname="tests.TestScenario" name="UserCanSearchAndAddItemToCart" time="21.11"/>
  <testcase classname="tests.TestScenario" name="UserOpenContactUsPage" time="6.011"/>
  <testcase classname="tests.TestScenario" name="UserCanHoverOverAnItem" time="8.433"/>
  <testcase classname="tests.TestScenario" name="UserForgetPasswordandRetriveIt" time="6.587"/>
</testsuite> <!-- Default test -->
